Arguments: 
  C:\Program Files\nodejs\node.exe C:\Program Files (x86)\Yarn\bin\yarn.js install karma-ie-launcher --save-dev

PATH: 
  C:\Users\Akhil\bin;C:\Program Files\Git\mingw64\bin;C:\Program Files\Git\usr\local\bin;C:\Program Files\Git\usr\bin;C:\Program Files\Git\usr\bin;C:\Program Files\Git\mingw64\bin;C:\Program Files\Git\usr\bin;C:\Users\Akhil\bin;C:\Windows\system32;C:\Windows;C:\Windows\System32\Wbem;C:\Windows\System32\WindowsPowerShell\v1.0;C:\Program Files\Git\cmd;C:\ProgramData\chocolatey\bin;C:\Program Files\Java\jdk1.8.0_162\bin;C:\Program Files\nodejs;C:\Program Files (x86)\Yarn\bin;C:\Users\Akhil\AppData\Roaming\npm;C:\Users\Akhil\AppData\Local\Yarn\bin;C:\Program Files\Git\usr\bin\vendor_perl;C:\Program Files\Git\usr\bin\core_perl

Yarn version: 
  1.5.1

Node version: 
  9.8.0

Platform: 
  win32 x64

npm manifest: 
  {
    "name": "solitaire",
    "private": true,
    "version": "0.0.0",
    "description": "A game of solitaire",
    "repository": "https://github.com/g0t4/angular-solitaire",
    "license": "MIT",
    "dependencies": {},
    "devDependencies": {
      "bower": "^1.3.1",
      "eslint": "^3.5.0",
      "http-server": "^0.9.0",
      "jasmine-core": "^2.3.4",
      "karma": "^1.3.0",
      "karma-chrome-launcher": "^2.0.0",
      "karma-firefox-launcher": "^1.0.0",
      "karma-ie-launcher": "^1.0.0",
      "karma-jasmine": "^1.0.2",
      "karma-junit-reporter": "^1.1.0",
      "karma-phantomjs-launcher": "^1.0.2",
      "karma-teamcity-reporter": "^1.0.0"
    },
    "scripts": {
      "postinstall": "node node_modules/bower/bin/bower install",
      "prestart": "npm install",
      "start": "http-server -c-1 -o",
      "pretest": "npm install",
      "test": "karma start karma.conf.js",
      "test-single-run": "karma start karma.conf.js --single-run"
    }
  }

yarn manifest: 
  No manifest

Lockfile: 
  No lockfile

Trace: 
  Error: `install` has been replaced with `add` to add new dependencies. Run "yarn add karma-ie-launcher --dev" instead.
      at new MessageError (C:\Program Files (x86)\Yarn\lib\cli.js:186:110)
      at Object.<anonymous> (C:\Program Files (x86)\Yarn\lib\cli.js:21987:13)
      at Generator.next (<anonymous>)
      at step (C:\Program Files (x86)\Yarn\lib\cli.js:98:30)
      at C:\Program Files (x86)\Yarn\lib\cli.js:109:13
      at <anonymous>
